This is pdfTeX, Version 3.141592653-2.6-1.40.24 (TeX Live 2022/Arch Linux) (preloaded format=pdflatex 2022.11.7)  26 NOV 2022 21:29
entering extended mode
 restricted \write18 enabled.
 %&-line parsing enabled.
**main
(./main.tex
LaTeX2e <2021-11-15> patch level 1
L3 programming layer <2022-04-10>
(/usr/share/texmf-dist/tex/latex/base/article.cls
Document Class: article 2021/10/04 v1.4n Standard LaTeX document class
(/usr/share/texmf-dist/tex/latex/base/size12.clo
File: size12.clo 2021/10/04 v1.4n Standard LaTeX file (size option)
)
\c@part=\count185
\c@section=\count186
\c@subsection=\count187
\c@subsubsection=\count188
\c@paragraph=\count189
\c@subparagraph=\count190
\c@figure=\count191
\c@table=\count192
\abovecaptionskip=\skip47
\belowcaptionskip=\skip48
\bibindent=\dimen138
)
(/usr/share/texmf-dist/tex/latex/base/inputenc.sty
Package: inputenc 2021/02/14 v1.3d Input encoding file
\inpenc@prehook=\toks16
\inpenc@posthook=\toks17
)
(/usr/share/texmf-dist/tex/generic/babel/babel.sty
Package: babel 2022/02/26 3.73 The Babel package
\babel@savecnt=\count193
\U@D=\dimen139
\l@unhyphenated=\language87

(/usr/share/texmf-dist/tex/generic/babel/txtbabel.def)
\bbl@readstream=\read2
\bbl@dirlevel=\count194

(/usr/share/texmf-dist/tex/generic/babel-spanish/spanish.ldf
Language: spanish.ldf 2021/05/27 v5.0q Spanish support from the babel system
\es@quottoks=\toks18
\es@quotdepth=\count195
Package babel Info: Making " an active character on input line 570.
Package babel Info: Making . an active character on input line 675.
Package babel Info: Making < an active character on input line 722.
Package babel Info: Making > an active character on input line 722.
))
(/usr/share/texmf-dist/tex/latex/geometry/geometry.sty
Package: geometry 2020/01/02 v5.9 Page Geometry

(/usr/share/texmf-dist/tex/latex/graphics/keyval.sty
Package: keyval 2014/10/28 v1.15 key=value parser (DPC)
\KV@toks@=\toks19
)
(/usr/share/texmf-dist/tex/generic/iftex/ifvtex.sty
Package: ifvtex 2019/10/25 v1.7 ifvtex legacy package. Use iftex instead.

(/usr/share/texmf-dist/tex/generic/iftex/iftex.sty
Package: iftex 2022/02/03 v1.0f TeX engine tests
))
\Gm@cnth=\count196
\Gm@cntv=\count197
\c@Gm@tempcnt=\count198
\Gm@bindingoffset=\dimen140
\Gm@wd@mp=\dimen141
\Gm@odd@mp=\dimen142
\Gm@even@mp=\dimen143
\Gm@layoutwidth=\dimen144
\Gm@layoutheight=\dimen145
\Gm@layouthoffset=\dimen146
\Gm@layoutvoffset=\dimen147
\Gm@dimlist=\toks20
)
(/usr/share/texmf-dist/tex/latex/ucs/ucs.sty
Package: ucs 2013/05/11 v2.2 UCS: Unicode input support

(/usr/share/texmf-dist/tex/latex/ucs/data/uni-global.def
File: uni-global.def 2013/05/13 UCS: Unicode global data
)
\uc@secondtry=\count199
\uc@combtoks=\toks21
\uc@combtoksb=\toks22
\uc@temptokena=\toks23
)
(/usr/share/texmf-dist/tex/latex/amsmath/amsmath.sty
Package: amsmath 2021/10/15 v2.17l AMS math features
\@mathmargin=\skip49

For additional information on amsmath, use the `?' option.
(/usr/share/texmf-dist/tex/latex/amsmath/amstext.sty
Package: amstext 2021/08/26 v2.01 AMS text

(/usr/share/texmf-dist/tex/latex/amsmath/amsgen.sty
File: amsgen.sty 1999/11/30 v2.0 generic functions
\@emptytoks=\toks24
\ex@=\dimen148
))
(/usr/share/texmf-dist/tex/latex/amsmath/amsbsy.sty
Package: amsbsy 1999/11/29 v1.2d Bold Symbols
\pmbraise@=\dimen149
)
(/usr/share/texmf-dist/tex/latex/amsmath/amsopn.sty
Package: amsopn 2021/08/26 v2.02 operator names
)
\inf@bad=\count266
LaTeX Info: Redefining \frac on input line 234.
\uproot@=\count267
\leftroot@=\count268
LaTeX Info: Redefining \overline on input line 399.
\classnum@=\count269
\DOTSCASE@=\count270
LaTeX Info: Redefining \ldots on input line 496.
LaTeX Info: Redefining \dots on input line 499.
LaTeX Info: Redefining \cdots on input line 620.
\Mathstrutbox@=\box50
\strutbox@=\box51
\big@size=\dimen150
LaTeX Font Info:    Redeclaring font encoding OML on input line 743.
LaTeX Font Info:    Redeclaring font encoding OMS on input line 744.
\macc@depth=\count271
\c@MaxMatrixCols=\count272
\dotsspace@=\muskip16
\c@parentequation=\count273
\dspbrk@lvl=\count274
\tag@help=\toks25
\row@=\count275
\column@=\count276
\maxfields@=\count277
\andhelp@=\toks26
\eqnshift@=\dimen151
\alignsep@=\dimen152
\tagshift@=\dimen153
\tagwidth@=\dimen154
\totwidth@=\dimen155
\lineht@=\dimen156
\@envbody=\toks27
\multlinegap=\skip50
\multlinetaggap=\skip51
\mathdisplay@stack=\toks28
LaTeX Info: Redefining \[ on input line 2938.
LaTeX Info: Redefining \] on input line 2939.
)
(/usr/share/texmf-dist/tex/latex/amsfonts/amsfonts.sty
Package: amsfonts 2013/01/14 v3.01 Basic AMSFonts support
\symAMSa=\mathgroup4
\symAMSb=\mathgroup5
LaTeX Font Info:    Redeclaring math symbol \hbar on input line 98.
LaTeX Font Info:    Overwriting math alphabet `\mathfrak' in version `bold'
(Font)                  U/euf/m/n --> U/euf/b/n on input line 106.
)
(/usr/share/texmf-dist/tex/latex/amsfonts/amssymb.sty
Package: amssymb 2013/01/14 v3.01 AMS font symbols
)
(/usr/share/texmf-dist/tex/latex/graphics/graphicx.sty
Package: graphicx 2021/09/16 v1.2d Enhanced LaTeX Graphics (DPC,SPQR)

(/usr/share/texmf-dist/tex/latex/graphics/graphics.sty
Package: graphics 2021/03/04 v1.4d Standard LaTeX Graphics (DPC,SPQR)

(/usr/share/texmf-dist/tex/latex/graphics/trig.sty
Package: trig 2021/08/11 v1.11 sin cos tan (DPC)
)
(/usr/share/texmf-dist/tex/latex/graphics-cfg/graphics.cfg
File: graphics.cfg 2016/06/04 v1.11 sample graphics configuration
)
Package graphics Info: Driver file: pdftex.def on input line 107.

(/usr/share/texmf-dist/tex/latex/graphics-def/pdftex.def
File: pdftex.def 2020/10/05 v1.2a Graphics/color driver for pdftex
))
\Gin@req@height=\dimen157
\Gin@req@width=\dimen158
)
(/usr/share/texmf-dist/tex/latex/subfig/subfig.sty
Package: subfig 2005/06/28 ver: 1.3 subfig package

(/usr/share/texmf-dist/tex/latex/caption/caption.sty
Package: caption 2022/03/01 v3.6b Customizing captions (AR)

(/usr/share/texmf-dist/tex/latex/caption/caption3.sty
Package: caption3 2022/03/17 v2.3b caption3 kernel (AR)
\caption@tempdima=\dimen159
\captionmargin=\dimen160
\caption@leftmargin=\dimen161
\caption@rightmargin=\dimen162
\caption@width=\dimen163
\caption@indent=\dimen164
\caption@parindent=\dimen165
\caption@hangindent=\dimen166
Package caption Info: Standard document class detected.
)
\c@caption@flags=\count278
\c@continuedfloat=\count279
)
\c@KVtest=\count280
\sf@farskip=\skip52
\sf@captopadj=\dimen167
\sf@capskip=\skip53
\sf@nearskip=\skip54
\c@subfigure=\count281
\c@subfigure@save=\count282
\c@lofdepth=\count283
\c@subtable=\count284
\c@subtable@save=\count285
\c@lotdepth=\count286
\sf@top=\skip55
\sf@bottom=\skip56
)
(/usr/share/texmf-dist/tex/latex/unitsdef/unitsdef.sty
Package: unitsdef 2005/01/04 v0.2 Typesetting units
File: unitsdef.dtx 2004/01/05 Typesetting units a proper way

(/usr/share/texmf-dist/tex/latex/base/fontenc.sty
Package: fontenc 2021/04/29 v2.0v Standard LaTeX package
)
(/usr/share/texmf-dist/tex/latex/base/textcomp.sty
Package: textcomp 2020/02/02 v2.0n Standard LaTeX package
)
(/usr/share/texmf-dist/tex/latex/units/units.sty
Package: units 1998/08/04 v0.9b Typesetting units

(/usr/share/texmf-dist/tex/latex/base/ifthen.sty
Package: ifthen 2020/11/24 v1.1c Standard LaTeX ifthen package (DPC)
)
(/usr/share/texmf-dist/tex/latex/units/nicefrac.sty
Package: nicefrac 1998/08/04 v0.9b Nice fractions
\L@UnitsRaiseDisplaystyle=\skip57
\L@UnitsRaiseTextstyle=\skip58
\L@UnitsRaiseScriptstyle=\skip59
))
(/usr/share/texmf-dist/tex/latex/tools/xspace.sty
Package: xspace 2014/10/28 v1.13 Space after command names (DPC,MH)
)
LaTeX Info: Redefining \SI on input line 293.
LaTeX Info: Redefining \meter on input line 331.
LaTeX Info: Redefining \gram on input line 332.
LaTeX Info: Redefining \kilogram on input line 333.
LaTeX Info: Redefining \mole on input line 334.
LaTeX Info: Redefining \second on input line 335.
LaTeX Info: Redefining \ampere on input line 336.
LaTeX Info: Redefining \kelvin on input line 337.
LaTeX Info: Redefining \candela on input line 338.
LaTeX Info: Redefining \picometer on input line 341.
LaTeX Info: Redefining \nanometer on input line 342.
LaTeX Info: Redefining \micrometer on input line 343.
LaTeX Info: Redefining \millimeter on input line 344.
LaTeX Info: Redefining \centimeter on input line 345.
LaTeX Info: Redefining \decimeter on input line 346.
LaTeX Info: Redefining \kilometer on input line 347.
LaTeX Info: Redefining \femtogram on input line 350.
LaTeX Info: Redefining \picogram on input line 351.
LaTeX Info: Redefining \nanogram on input line 352.
LaTeX Info: Redefining \microgram on input line 353.
LaTeX Info: Redefining \milligram on input line 354.
LaTeX Info: Redefining \femtomole on input line 357.
LaTeX Info: Redefining \picomole on input line 358.
LaTeX Info: Redefining \nanomole on input line 359.
LaTeX Info: Redefining \micromole on input line 360.
LaTeX Info: Redefining \millimole on input line 361.
LaTeX Info: Redefining \attosecond on input line 364.
LaTeX Info: Redefining \femtosecond on input line 365.
LaTeX Info: Redefining \picosecond on input line 366.
LaTeX Info: Redefining \nanosecond on input line 367.
LaTeX Info: Redefining \microsecond on input line 368.
LaTeX Info: Redefining \millisecond on input line 369.
LaTeX Info: Redefining \picoampere on input line 372.
LaTeX Info: Redefining \nanoampere on input line 373.
LaTeX Info: Redefining \microampere on input line 374.
LaTeX Info: Redefining \milliampere on input line 375.
LaTeX Info: Redefining \kiloampere on input line 376.
LaTeX Info: Redefining \percent on input line 379.
LaTeX Info: Redefining \liter on input line 385.
LaTeX Info: Redefining \femtoliter on input line 388.
LaTeX Info: Redefining \picoliter on input line 389.
LaTeX Info: Redefining \nanoliter on input line 390.
LaTeX Info: Redefining \microliter on input line 391.
LaTeX Info: Redefining \milliliter on input line 392.
LaTeX Info: Redefining \centiliter on input line 393.
LaTeX Info: Redefining \deciliter on input line 394.
LaTeX Info: Redefining \hectoliter on input line 395.
LaTeX Info: Redefining \cubicmeter on input line 397.
LaTeX Info: Redefining \cubicmicrometer on input line 398.
LaTeX Info: Redefining \cubicmillimeter on input line 399.
LaTeX Info: Redefining \squaremeter on input line 402.
LaTeX Info: Redefining \ar on input line 404.
LaTeX Info: Redefining \hektar on input line 405.
LaTeX Info: Redefining \squarecentimeter on input line 407.
LaTeX Info: Redefining \squaremillimeter on input line 408.
LaTeX Info: Redefining \squarekilometer on input line 409.
LaTeX Info: Redefining \ton on input line 411.
LaTeX Info: Redefining \volt on input line 414.
LaTeX Info: Redefining \millivolt on input line 415.
LaTeX Info: Redefining \kilovolt on input line 417.
LaTeX Info: Redefining \watt on input line 419.
LaTeX Info: Redefining \milliwatt on input line 420.
LaTeX Info: Redefining \kilowatt on input line 421.
LaTeX Info: Redefining \megawatt on input line 422.
LaTeX Info: Redefining \coulomb on input line 424.
LaTeX Info: Redefining \ohm on input line 432.
LaTeX Info: Redefining \kiloohm on input line 434.
LaTeX Info: Redefining \megaohm on input line 435.
LaTeX Info: Redefining \gigaohm on input line 436.
LaTeX Info: Redefining \siemens on input line 438.
LaTeX Info: Redefining \millisiemens on input line 439.
LaTeX Info: Redefining \farad on input line 440.
LaTeX Info: Redefining \femtofarad on input line 441.
LaTeX Info: Redefining \picofarad on input line 442.
LaTeX Info: Redefining \nanofarad on input line 443.
LaTeX Info: Redefining \microfarad on input line 444.
LaTeX Info: Redefining \millifarad on input line 445.
LaTeX Info: Redefining \joule on input line 446.
LaTeX Info: Redefining \millijoule on input line 447.
LaTeX Info: Redefining \kilojoule on input line 448.
LaTeX Info: Redefining \megajoule on input line 449.
LaTeX Info: Redefining \calory on input line 451.
LaTeX Info: Redefining \kilocalory on input line 452.
LaTeX Info: Redefining \electronvolt on input line 453.
LaTeX Info: Redefining \millielectronvolt on input line 454.
LaTeX Info: Redefining \kiloelectronvolt on input line 455.
LaTeX Info: Redefining \megaelectronvolt on input line 456.
LaTeX Info: Redefining \gigaelectronvolt on input line 457.
LaTeX Info: Redefining \teraelectronvolt on input line 458.
LaTeX Info: Redefining \minute on input line 460.
LaTeX Info: Redefining \hour on input line 461.
LaTeX Info: Redefining \days on input line 462.
LaTeX Info: Redefining \celsius on input line 467.
LaTeX Info: Redefining \radian on input line 470.
LaTeX Info: Redefining \steradian on input line 471.
LaTeX Info: Redefining \degree on input line 476.
LaTeX Info: Redefining \arcmin on input line 480.
LaTeX Info: Redefining \arcsec on input line 481.
LaTeX Info: Redefining \hertz on input line 517.
LaTeX Info: Redefining \kilohertz on input line 518.
LaTeX Info: Redefining \megahertz on input line 519.
LaTeX Info: Redefining \gigahertz on input line 520.
LaTeX Info: Redefining \newton on input line 522.
LaTeX Info: Redefining \millinewton on input line 523.
LaTeX Info: Redefining \kilonewton on input line 524.
LaTeX Info: Redefining \pascal on input line 525.
LaTeX Info: Redefining \hectopascal on input line 526.
LaTeX Info: Redefining \uBar on input line 527.
LaTeX Info: Redefining \millibar on input line 528.
LaTeX Info: Redefining \weber on input line 529.
LaTeX Info: Redefining \tesla on input line 530.
LaTeX Info: Redefining \henry on input line 531.
LaTeX Info: Redefining \lumen on input line 532.
LaTeX Info: Redefining \lux on input line 533.
LaTeX Info: Redefining \becquerel on input line 534.
LaTeX Info: Redefining \megabecquerel on input line 535.
LaTeX Info: Redefining \curie on input line 536.
LaTeX Info: Redefining \sievert on input line 537.
LaTeX Info: Redefining \millisievert on input line 538.
Package unitsdef Info: Abbreviations for units of amperage loaded. on input lin
e 543.

(/usr/share/texmf-dist/tex/latex/unitsdef/ampabbrv.cfg
File: ampabbrv 2004/12/09 v0.1 unitsdef configuration file
)
Package unitsdef Info: Abbreviations for units of frequency loaded. on input li
ne 548.

(/usr/share/texmf-dist/tex/latex/unitsdef/freqabbr.cfg
File: freqabbr 2004/12/09 v0.1 unitsdef configuration file
)
Package unitsdef Info: Abbreviations for units of amount of substances loaded. 
on input line 553.

(/usr/share/texmf-dist/tex/latex/unitsdef/molabbrv.cfg
File: molabbrv 2004/12/09 v0.1 unitsdef configuration file
)
Package unitsdef Info: Abbreviations for units of voltage loaded. on input line
 558.

(/usr/share/texmf-dist/tex/latex/unitsdef/voltabbr.cfg
File: voltabbr 2004/12/09 v0.1 unitsdef configuration file
)
Package unitsdef Info: Abbreviations for units of volume loaded. on input line 
563.

(/usr/share/texmf-dist/tex/latex/unitsdef/volabbrv.cfg
File: volabbrv 2004/12/09 v0.1 unitsdef configuration file
)
Package unitsdef Info: Abbreviations for units of weight loaded. on input line 
568.

(/usr/share/texmf-dist/tex/latex/unitsdef/weigabbr.cfg
File: weigabbr 2004/12/09 v0.1 unitsdef configuration file
)
Package unitsdef Info: Abbreviations for units of energy loaded. on input line 
573.

(/usr/share/texmf-dist/tex/latex/unitsdef/enerabbr.cfg
File: enerabbr 2004/12/09 v0.1 unitsdef configuration file
)
Package unitsdef Info: Abbreviations for units of length loaded. on input line 
578.

(/usr/share/texmf-dist/tex/latex/unitsdef/lengabbr.cfg
File: lengabbr 2004/12/09 v0.1 unitsdef configuration file
)
Package unitsdef Info: Abbreviations for units of time loaded. on input line 58
3.

(/usr/share/texmf-dist/tex/latex/unitsdef/timeabbr.cfg
File: timeabbr 2004/12/09 v0.1 unitsdef configuration file
)
Package unitsdef Info: No local config file found. on input line 589.
)
(/usr/share/texmf-dist/tex/latex/pdfpages/pdfpages.sty
Package: pdfpages 2022/01/29 v0.5u Insert pages of external PDF documents (AM)

(/usr/share/texmf-dist/tex/latex/tools/calc.sty
Package: calc 2017/05/25 v4.3 Infix arithmetic (KKT,FJ)
\calc@Acount=\count287
\calc@Bcount=\count288
\calc@Adimen=\dimen168
\calc@Bdimen=\dimen169
\calc@Askip=\skip60
\calc@Bskip=\skip61
LaTeX Info: Redefining \setlength on input line 80.
LaTeX Info: Redefining \addtolength on input line 81.
\calc@Ccount=\count289
\calc@Cskip=\skip62
)
(/usr/share/texmf-dist/tex/latex/eso-pic/eso-pic.sty
Package: eso-pic 2020/10/14 v3.0a eso-pic (RN)
\ESO@tempdima=\dimen170
\ESO@tempdimb=\dimen171

(/usr/share/texmf-dist/tex/latex/xcolor/xcolor.sty
Package: xcolor 2021/10/31 v2.13 LaTeX color extensions (UK)

(/usr/share/texmf-dist/tex/latex/graphics-cfg/color.cfg
File: color.cfg 2016/01/02 v1.6 sample color configuration
)
Package xcolor Info: Driver file: pdftex.def on input line 227.
Package xcolor Info: Model `cmy' substituted by `cmy0' on input line 1352.
Package xcolor Info: Model `hsb' substituted by `rgb' on input line 1356.
Package xcolor Info: Model `RGB' extended on input line 1368.
Package xcolor Info: Model `HTML' substituted by `rgb' on input line 1370.
Package xcolor Info: Model `Hsb' substituted by `hsb' on input line 1371.
Package xcolor Info: Model `tHsb' substituted by `hsb' on input line 1372.
Package xcolor Info: Model `HSB' substituted by `hsb' on input line 1373.
Package xcolor Info: Model `Gray' substituted by `gray' on input line 1374.
Package xcolor Info: Model `wave' substituted by `hsb' on input line 1375.
))
\AM@pagewidth=\dimen172
\AM@pageheight=\dimen173
\AM@fboxrule=\dimen174

(/usr/share/texmf-dist/tex/latex/pdfpages/pppdftex.def
File: pppdftex.def 2022/01/29 v0.5u Pdfpages driver for pdfTeX (AM)
)
\pdfpages@includegraphics@status=\count290
\AM@pagebox=\box52
\AM@global@opts=\toks29
\AM@pagecnt=\count291
\AM@toc@title=\toks30
\c@AM@survey=\count292
\AM@templatesizebox=\box53
)
(/usr/share/texmf-dist/tex/latex/appendix/appendix.sty
Package: appendix 2020/02/08 v1.2c extra appendix facilities
\c@@pps=\count293
\c@@ppsavesec=\count294
\c@@ppsaveapp=\count295
)
(/usr/share/texmf-dist/tex/latex/hyperref/hyperref.sty
Package: hyperref 2022-02-21 v7.00n Hypertext links for LaTeX

(/usr/share/texmf-dist/tex/generic/ltxcmds/ltxcmds.sty
Package: ltxcmds 2020-05-10 v1.25 LaTeX kernel commands for general use (HO)
)
(/usr/share/texmf-dist/tex/generic/pdftexcmds/pdftexcmds.sty
Package: pdftexcmds 2020-06-27 v0.33 Utility functions of pdfTeX for LuaTeX (HO
)

(/usr/share/texmf-dist/tex/generic/infwarerr/infwarerr.sty
Package: infwarerr 2019/12/03 v1.5 Providing info/warning/error messages (HO)
)
Package pdftexcmds Info: \pdf@primitive is available.
Package pdftexcmds Info: \pdf@ifprimitive is available.
Package pdftexcmds Info: \pdfdraftmode found.
)
(/usr/share/texmf-dist/tex/generic/kvsetkeys/kvsetkeys.sty
Package: kvsetkeys 2019/12/15 v1.18 Key value parser (HO)
)
(/usr/share/texmf-dist/tex/generic/kvdefinekeys/kvdefinekeys.sty
Package: kvdefinekeys 2019-12-19 v1.6 Define keys (HO)
)
(/usr/share/texmf-dist/tex/generic/pdfescape/pdfescape.sty
Package: pdfescape 2019/12/09 v1.15 Implements pdfTeX's escape features (HO)
)
(/usr/share/texmf-dist/tex/latex/hycolor/hycolor.sty
Package: hycolor 2020-01-27 v1.10 Color options for hyperref/bookmark (HO)
)
(/usr/share/texmf-dist/tex/latex/letltxmacro/letltxmacro.sty
Package: letltxmacro 2019/12/03 v1.6 Let assignment for LaTeX macros (HO)
)
(/usr/share/texmf-dist/tex/latex/auxhook/auxhook.sty
Package: auxhook 2019-12-17 v1.6 Hooks for auxiliary files (HO)
)
(/usr/share/texmf-dist/tex/latex/kvoptions/kvoptions.sty
Package: kvoptions 2020-10-07 v3.14 Key value format for package options (HO)
)
\@linkdim=\dimen175
\Hy@linkcounter=\count296
\Hy@pagecounter=\count297

(/usr/share/texmf-dist/tex/latex/hyperref/pd1enc.def
File: pd1enc.def 2022-02-21 v7.00n Hyperref: PDFDocEncoding definition (HO)
Now handling font encoding PD1 ...
... no UTF-8 mapping file for font encoding PD1
)
(/usr/share/texmf-dist/tex/generic/intcalc/intcalc.sty
Package: intcalc 2019/12/15 v1.3 Expandable calculations with integers (HO)
)
(/usr/share/texmf-dist/tex/generic/etexcmds/etexcmds.sty
Package: etexcmds 2019/12/15 v1.7 Avoid name clashes with e-TeX commands (HO)
)
\Hy@SavedSpaceFactor=\count298

(/usr/share/texmf-dist/tex/latex/hyperref/puenc.def
File: puenc.def 2022-02-21 v7.00n Hyperref: PDF Unicode definition (HO)
Now handling font encoding PU ...
... no UTF-8 mapping file for font encoding PU
)
Package hyperref Info: Option `colorlinks' set `true' on input line 4018.
Package hyperref Info: Hyper figures OFF on input line 4137.
Package hyperref Info: Link nesting OFF on input line 4142.
Package hyperref Info: Hyper index ON on input line 4145.
Package hyperref Info: Plain pages OFF on input line 4152.
Package hyperref Info: Backreferencing OFF on input line 4157.
Package hyperref Info: Implicit mode ON; LaTeX internals redefined.
Package hyperref Info: Bookmarks ON on input line 4390.
\c@Hy@tempcnt=\count299

(/usr/share/texmf-dist/tex/latex/url/url.sty
\Urlmuskip=\muskip17
Package: url 2013/09/16  ver 3.4  Verb mode for urls, etc.
)
LaTeX Info: Redefining \url on input line 4749.
\XeTeXLinkMargin=\dimen176

(/usr/share/texmf-dist/tex/generic/bitset/bitset.sty
Package: bitset 2019/12/09 v1.3 Handle bit-vector datatype (HO)

(/usr/share/texmf-dist/tex/generic/bigintcalc/bigintcalc.sty
Package: bigintcalc 2019/12/15 v1.5 Expandable calculations on big integers (HO
)
))
\Fld@menulength=\count300
\Field@Width=\dimen177
\Fld@charsize=\dimen178
Package hyperref Info: Hyper figures OFF on input line 6027.
Package hyperref Info: Link nesting OFF on input line 6032.
Package hyperref Info: Hyper index ON on input line 6035.
Package hyperref Info: backreferencing OFF on input line 6042.
Package hyperref Info: Link coloring ON on input line 6045.
Package hyperref Info: Link coloring with OCG OFF on input line 6052.
Package hyperref Info: PDF/A mode OFF on input line 6057.
LaTeX Info: Redefining \ref on input line 6097.
LaTeX Info: Redefining \pageref on input line 6101.

(/usr/share/texmf-dist/tex/latex/base/atbegshi-ltx.sty
Package: atbegshi-ltx 2021/01/10 v1.0c Emulation of the original atbegshi
package with kernel methods
)
\Hy@abspage=\count301
\c@Item=\count302
\c@Hfootnote=\count303
)
Package hyperref Info: Driver (autodetected): hpdftex.

(/usr/share/texmf-dist/tex/latex/hyperref/hpdftex.def
File: hpdftex.def 2022-02-21 v7.00n Hyperref driver for pdfTeX

(/usr/share/texmf-dist/tex/latex/base/atveryend-ltx.sty
Package: atveryend-ltx 2020/08/19 v1.0a Emulation of the original atveryend pac
kage
with kernel methods
)
\Fld@listcount=\count304
\c@bookmark@seq@number=\count305

(/usr/share/texmf-dist/tex/latex/rerunfilecheck/rerunfilecheck.sty
Package: rerunfilecheck 2019/12/05 v1.9 Rerun checks for auxiliary files (HO)

(/usr/share/texmf-dist/tex/generic/uniquecounter/uniquecounter.sty
Package: uniquecounter 2019/12/15 v1.4 Provide unlimited unique counter (HO)
)
Package uniquecounter Info: New unique counter `rerunfilecheck' on input line 2
86.
)
\Hy@SectionHShift=\skip63
)
(/usr/share/texmf-dist/tex/latex/float/float.sty
Package: float 2001/11/08 v1.3d Float enhancements (AL)
\c@float@type=\count306
\float@exts=\toks31
\float@box=\box54
\@float@everytoks=\toks32
\@floatcapt=\box55
)
(/usr/share/texmf-dist/tex/latex/booktabs/booktabs.sty
Package: booktabs 2020/01/12 v1.61803398 Publication quality tables
\heavyrulewidth=\dimen179
\lightrulewidth=\dimen180
\cmidrulewidth=\dimen181
\belowrulesep=\dimen182
\belowbottomsep=\dimen183
\aboverulesep=\dimen184
\abovetopsep=\dimen185
\cmidrulesep=\dimen186
\cmidrulekern=\dimen187
\defaultaddspace=\dimen188
\@cmidla=\count307
\@cmidlb=\count308
\@aboverulesep=\dimen189
\@belowrulesep=\dimen190
\@thisruleclass=\count309
\@lastruleclass=\count310
\@thisrulewidth=\dimen191
)
(/usr/share/texmf-dist/tex/latex/lastpage/lastpage.sty
Package: lastpage 2021/09/03 v1.2n Refers to last page's name (HMM; JPG)
) (/usr/share/texmf-dist/tex/latex/fancyhdr/fancyhdr.sty
Package: fancyhdr 2021/01/28 v4.0.1 Extensive control of page headers and foote
rs
\f@nch@headwidth=\skip64
\f@nch@O@elh=\skip65
\f@nch@O@erh=\skip66
\f@nch@O@olh=\skip67
\f@nch@O@orh=\skip68
\f@nch@O@elf=\skip69
\f@nch@O@erf=\skip70
\f@nch@O@olf=\skip71
\f@nch@O@orf=\skip72
) (/usr/share/texmf-dist/tex/latex/mdframed/mdframed.sty
Package: mdframed 2013/07/01 1.9b: mdframed
(/usr/share/texmf-dist/tex/latex/l3packages/xparse/xparse.sty (/usr/share/texmf
-dist/tex/latex/l3kernel/expl3.sty
Package: expl3 2022-04-10 L3 programming layer (loader) 
(/usr/share/texmf-dist/tex/latex/l3backend/l3backend-pdftex.def
File: l3backend-pdftex.def 2022-04-14 L3 backend support: PDF output (pdfTeX)
\l__color_backend_stack_int=\count311
\l__pdf_internal_box=\box56
))
Package: xparse 2022-01-12 L3 Experimental document command parser
) (/usr/share/texmf-dist/tex/latex/etoolbox/etoolbox.sty
Package: etoolbox 2020/10/05 v2.5k e-TeX tools for LaTeX (JAW)
\etb@tempcnta=\count312
) (/usr/share/texmf-dist/tex/latex/zref/zref-abspage.sty
Package: zref-abspage 2022-04-07 v2.34 Module abspage for zref (HO)
(/usr/share/texmf-dist/tex/latex/zref/zref-base.sty
Package: zref-base 2022-04-07 v2.34 Module base for zref (HO)
Package zref Info: New property list: main on input line 767.
Package zref Info: New property: default on input line 768.
Package zref Info: New property: page on input line 769.
)
\c@abspage=\count313
Package zref Info: New property: abspage on input line 65.
) (/usr/share/texmf-dist/tex/latex/needspace/needspace.sty
Package: needspace 2010/09/12 v1.3d reserve vertical space
)
\mdf@templength=\skip73
\c@mdf@globalstyle@cnt=\count314
\mdf@skipabove@length=\skip74
\mdf@skipbelow@length=\skip75
\mdf@leftmargin@length=\skip76
\mdf@rightmargin@length=\skip77
\mdf@innerleftmargin@length=\skip78
\mdf@innerrightmargin@length=\skip79
\mdf@innertopmargin@length=\skip80
\mdf@innerbottommargin@length=\skip81
\mdf@splittopskip@length=\skip82
\mdf@splitbottomskip@length=\skip83
\mdf@outermargin@length=\skip84
\mdf@innermargin@length=\skip85
\mdf@linewidth@length=\skip86
\mdf@innerlinewidth@length=\skip87
\mdf@middlelinewidth@length=\skip88
\mdf@outerlinewidth@length=\skip89
\mdf@roundcorner@length=\skip90
\mdf@footenotedistance@length=\skip91
\mdf@userdefinedwidth@length=\skip92
\mdf@needspace@length=\skip93
\mdf@frametitleaboveskip@length=\skip94
\mdf@frametitlebelowskip@length=\skip95
\mdf@frametitlerulewidth@length=\skip96
\mdf@frametitleleftmargin@length=\skip97
\mdf@frametitlerightmargin@length=\skip98
\mdf@shadowsize@length=\skip99
\mdf@extratopheight@length=\skip100
\mdf@subtitleabovelinewidth@length=\skip101
\mdf@subtitlebelowlinewidth@length=\skip102
\mdf@subtitleaboveskip@length=\skip103
\mdf@subtitlebelowskip@length=\skip104
\mdf@subtitleinneraboveskip@length=\skip105
\mdf@subtitleinnerbelowskip@length=\skip106
\mdf@subsubtitleabovelinewidth@length=\skip107
\mdf@subsubtitlebelowlinewidth@length=\skip108
\mdf@subsubtitleaboveskip@length=\skip109
\mdf@subsubtitlebelowskip@length=\skip110
\mdf@subsubtitleinneraboveskip@length=\skip111
\mdf@subsubtitleinnerbelowskip@length=\skip112
(/usr/share/texmf-dist/tex/latex/mdframed/md-frame-0.mdf
File: md-frame-0.mdf 2013/07/01\ 1.9b: md-frame-0
)
\mdf@frametitlebox=\box57
\mdf@footnotebox=\box58
\mdf@splitbox@one=\box59
\mdf@splitbox@two=\box60
\mdf@splitbox@save=\box61
\mdfsplitboxwidth=\skip113
\mdfsplitboxtotalwidth=\skip114
\mdfsplitboxheight=\skip115
\mdfsplitboxdepth=\skip116
\mdfsplitboxtotalheight=\skip117
\mdfframetitleboxwidth=\skip118
\mdfframetitleboxtotalwidth=\skip119
\mdfframetitleboxheight=\skip120
\mdfframetitleboxdepth=\skip121
\mdfframetitleboxtotalheight=\skip122
\mdffootnoteboxwidth=\skip123
\mdffootnoteboxtotalwidth=\skip124
\mdffootnoteboxheight=\skip125
\mdffootnoteboxdepth=\skip126
\mdffootnoteboxtotalheight=\skip127
\mdftotallinewidth=\skip128
\mdfboundingboxwidth=\skip129
\mdfboundingboxtotalwidth=\skip130
\mdfboundingboxheight=\skip131
\mdfboundingboxdepth=\skip132
\mdfboundingboxtotalheight=\skip133
\mdf@freevspace@length=\skip134
\mdf@horizontalwidthofbox@length=\skip135
\mdf@verticalmarginwhole@length=\skip136
\mdf@horizontalspaceofbox=\skip137
\mdfsubtitleheight=\skip138
\mdfsubsubtitleheight=\skip139
\c@mdfcountframes=\count315

****** mdframed patching \endmdf@trivlist

****** -- success******

\mdf@envdepth=\count316
\c@mdf@env@i=\count317
\c@mdf@env@ii=\count318
\c@mdf@zref@counter=\count319
Package zref Info: New property: mdf@pagevalue on input line 895.
) (/usr/share/texmf-dist/tex/latex/tools/multicol.sty
Package: multicol 2021/10/28 v1.9b multicolumn formatting (FMi)
\c@tracingmulticols=\count320
\mult@box=\box62
\multicol@leftmargin=\dimen192
\c@unbalance=\count321
\c@collectmore=\count322
\doublecol@number=\count323
\multicoltolerance=\count324
\multicolpretolerance=\count325
\full@width=\dimen193
\page@free=\dimen194
\premulticols=\dimen195
\postmulticols=\dimen196
\multicolsep=\skip140
\multicolbaselineskip=\skip141
\partial@page=\box63
\last@line=\box64
\maxbalancingoverflow=\dimen197
\mult@rightbox=\box65
\mult@grightbox=\box66
\mult@firstbox=\box67
\mult@gfirstbox=\box68
\@tempa=\box69
\@tempa=\box70
\@tempa=\box71
\@tempa=\box72
\@tempa=\box73
\@tempa=\box74
\@tempa=\box75
\@tempa=\box76
\@tempa=\box77
\@tempa=\box78
\@tempa=\box79
\@tempa=\box80
\@tempa=\box81
\@tempa=\box82
\@tempa=\box83
\@tempa=\box84
\@tempa=\box85
\@tempa=\box86
\@tempa=\box87
\@tempa=\box88
\@tempa=\box89
\@tempa=\box90
\@tempa=\box91
\@tempa=\box92
\@tempa=\box93
\@tempa=\box94
\@tempa=\box95
\@tempa=\box96
\@tempa=\box97
\@tempa=\box98
\@tempa=\box99
\@tempa=\box100
\@tempa=\box101
\@tempa=\box102
\@tempa=\box103
\@tempa=\box104
\c@minrows=\count326
\c@columnbadness=\count327
\c@finalcolumnbadness=\count328
\last@try=\dimen198
\multicolovershoot=\dimen199
\multicolundershoot=\dimen256
\mult@nat@firstbox=\box105
\colbreak@box=\box106
\mc@col@check@num=\count329
) (/usr/share/texmf-dist/tex/latex/adjustbox/adjustbox.sty
Package: adjustbox 2020/08/19 v1.3 Adjusting TeX boxes (trim, clip, ...)
(/usr/share/texmf-dist/tex/latex/xkeyval/xkeyval.sty
Package: xkeyval 2020/11/20 v2.8 package option processing (HA)
(/usr/share/texmf-dist/tex/generic/xkeyval/xkeyval.tex (/usr/share/texmf-dist/t
ex/generic/xkeyval/xkvutils.tex
\XKV@toks=\toks33
\XKV@tempa@toks=\toks34
)
\XKV@depth=\count330
File: xkeyval.tex 2014/12/03 v2.7a key=value parser (HA)
)) (/usr/share/texmf-dist/tex/latex/adjustbox/adjcalc.sty
Package: adjcalc 2012/05/16 v1.1 Provides advanced setlength with multiple back
-ends (calc, etex, pgfmath)
) (/usr/share/texmf-dist/tex/latex/adjustbox/trimclip.sty
Package: trimclip 2020/08/19 v1.2 Trim and clip general TeX material
(/usr/share/texmf-dist/tex/latex/collectbox/collectbox.sty
Package: collectbox 2012/05/17 v0.4b Collect macro arguments as boxes
\collectedbox=\box107
)
\tc@llx=\dimen257
\tc@lly=\dimen258
\tc@urx=\dimen259
\tc@ury=\dimen260
Package trimclip Info: Using driver 'tc-pdftex.def'.
(/usr/share/texmf-dist/tex/latex/adjustbox/tc-pdftex.def
File: tc-pdftex.def 2019/01/04 v2.2 Clipping driver for pdftex
))
\adjbox@Width=\dimen261
\adjbox@Height=\dimen262
\adjbox@Depth=\dimen263
\adjbox@Totalheight=\dimen264
\adjbox@pwidth=\dimen265
\adjbox@pheight=\dimen266
\adjbox@pdepth=\dimen267
\adjbox@ptotalheight=\dimen268
(/usr/share/texmf-dist/tex/latex/ifoddpage/ifoddpage.sty
Package: ifoddpage 2016/04/23 v1.1 Conditionals for odd/even page detection
\c@checkoddpage=\count331
) (/usr/share/texmf-dist/tex/latex/varwidth/varwidth.sty
Package: varwidth 2009/03/30 ver 0.92;  Variable-width minipages
\@vwid@box=\box108
\sift@deathcycles=\count332
\@vwid@loff=\dimen269
\@vwid@roff=\dimen270
)) (/usr/share/texmf-dist/tex/latex/ragged2e/ragged2e.sty
Package: ragged2e 2021/12/15 v3.1 ragged2e Package
\CenteringLeftskip=\skip142
\RaggedLeftLeftskip=\skip143
\RaggedRightLeftskip=\skip144
\CenteringRightskip=\skip145
\RaggedLeftRightskip=\skip146
\RaggedRightRightskip=\skip147
\CenteringParfillskip=\skip148
\RaggedLeftParfillskip=\skip149
\RaggedRightParfillskip=\skip150
\JustifyingParfillskip=\skip151
\CenteringParindent=\skip152
\RaggedLeftParindent=\skip153
\RaggedRightParindent=\skip154
\JustifyingParindent=\skip155
)
\c@resumen=\count333
No file main.aux.
\openout1 = `main.aux'.

LaTeX Font Info:    Checking defaults for OML/cmm/m/it on input line 83.
LaTeX Font Info:    ... okay on input line 83.
LaTeX Font Info:    Checking defaults for OMS/cmsy/m/n on input line 83.
LaTeX Font Info:    ... okay on input line 83.
LaTeX Font Info:    Checking defaults for OT1/cmr/m/n on input line 83.
LaTeX Font Info:    ... okay on input line 83.
LaTeX Font Info:    Checking defaults for T1/cmr/m/n on input line 83.
LaTeX Font Info:    ... okay on input line 83.
LaTeX Font Info:    Checking defaults for TS1/cmr/m/n on input line 83.
LaTeX Font Info:    ... okay on input line 83.
LaTeX Font Info:    Checking defaults for OMX/cmex/m/n on input line 83.
LaTeX Font Info:    ... okay on input line 83.
LaTeX Font Info:    Checking defaults for U/cmr/m/n on input line 83.
LaTeX Font Info:    ... okay on input line 83.
LaTeX Font Info:    Checking defaults for PD1/pdf/m/n on input line 83.
LaTeX Font Info:    ... okay on input line 83.
LaTeX Font Info:    Checking defaults for PU/pdf/m/n on input line 83.
LaTeX Font Info:    ... okay on input line 83.
LaTeX Info: Redefining \. on input line 83.
LaTeX Info: Redefining \% on input line 83.
*geometry* driver: auto-detecting
*geometry* detected driver: pdftex
*geometry* verbose mode - [ preamble ] result:
* driver: pdftex
* paper: letterpaper
* layout: <same size as paper>
* layoutoffset:(h,v)=(0.0pt,0.0pt)
* modes: 
* h-part:(L,W,R)=(51.21495pt, 511.8651pt, 51.21495pt)
* v-part:(T,H,B)=(59.75078pt, 675.46843pt, 59.75078pt)
* \paperwidth=614.295pt
* \paperheight=794.96999pt
* \textwidth=511.8651pt
* \textheight=675.46843pt
* \oddsidemargin=-21.05504pt
* \evensidemargin=-21.05504pt
* \topmargin=-49.51921pt
* \headheight=15.0pt
* \headsep=25.0pt
* \topskip=12.0pt
* \footskip=30.0pt
* \marginparwidth=44.0pt
* \marginparsep=10.0pt
* \columnsep=10.0pt
* \skip\footins=10.8pt plus 4.0pt minus 2.0pt
* \hoffset=0.0pt
* \voffset=0.0pt
* \mag=1000
* \@twocolumnfalse
* \@twosidefalse
* \@mparswitchfalse
* \@reversemarginfalse
* (1in=72.27pt=25.4mm, 1cm=28.453pt)

(/usr/share/texmf-dist/tex/latex/ucs/ucsencs.def
File: ucsencs.def 2011/01/21 Fixes to fontencodings LGR, T3
) (/usr/share/texmf-dist/tex/context/base/mkii/supp-pdf.mkii
[Loading MPS to PDF converter (version 2006.09.02).]
\scratchcounter=\count334
\scratchdimen=\dimen271
\scratchbox=\box109
\nofMPsegments=\count335
\nofMParguments=\count336
\everyMPshowfont=\toks35
\MPscratchCnt=\count337
\MPscratchDim=\dimen272
\MPnumerator=\count338
\makeMPintoPDFobject=\count339
\everyMPtoPDFconversion=\toks36
) (/usr/share/texmf-dist/tex/latex/epstopdf-pkg/epstopdf-base.sty
Package: epstopdf-base 2020-01-24 v2.11 Base part for package epstopdf
Package epstopdf-base Info: Redefining graphics rule for `.eps' on input line 4
85.
(/usr/share/texmf-dist/tex/latex/latexconfig/epstopdf-sys.cfg
File: epstopdf-sys.cfg 2010/07/13 v1.3 Configuration of (r)epstopdf for TeX Liv
e
))
Package caption Info: Begin \AtBeginDocument code.
Package caption Info: subfig package v1.3 is loaded.
Package caption Info: float package is loaded.
Package caption Info: hyperref package is loaded.
Package caption Info: End \AtBeginDocument code.
(/usr/share/texmf-dist/tex/latex/pdflscape/pdflscape.sty
Package: pdflscape 2019/12/05 v0.12 Display of landscape pages in PDF (HO)
(/usr/share/texmf-dist/tex/latex/graphics/lscape.sty
Package: lscape 2020/05/28 v3.02 Landscape Pages (DPC)
)
Package pdflscape Info: Auto-detected driver: pdftex on input line 81.
)
Package hyperref Info: Link coloring ON on input line 83.
(/usr/share/texmf-dist/tex/latex/hyperref/nameref.sty
Package: nameref 2021-04-02 v2.47 Cross-referencing by name of section
(/usr/share/texmf-dist/tex/latex/refcount/refcount.sty
Package: refcount 2019/12/15 v3.6 Data extraction from label references (HO)
) (/usr/share/texmf-dist/tex/generic/gettitlestring/gettitlestring.sty
Package: gettitlestring 2019/12/15 v1.6 Cleanup title references (HO)
)
\c@section@level=\count340
)
LaTeX Info: Redefining \ref on input line 83.
LaTeX Info: Redefining \pageref on input line 83.
LaTeX Info: Redefining \nameref on input line 83.
\@outlinefile=\write3
\openout3 = `main.out'.

Package lastpage Info: Please have a look at the pageslts package at
(lastpage)             https://www.ctan.org/pkg/pageslts
(lastpage)             ! on input line 83.
<imagenes/LOGOUNRN.jpg, id=4, 401.5pt x 401.5pt>
File: imagenes/LOGOUNRN.jpg Graphic file (type jpg)
<use imagenes/LOGOUNRN.jpg>
Package pdftex.def Info: imagenes/LOGOUNRN.jpg  used on input line 89.
(pdftex.def)             Requested size: 102.37144pt x 102.37195pt.
LaTeX Font Info:    Trying to load font information for U+msa on input line 108
.
(/usr/share/texmf-dist/tex/latex/amsfonts/umsa.fd
File: umsa.fd 2013/01/14 v3.01 AMS symbols A
)
LaTeX Font Info:    Trying to load font information for U+msb on input line 108
.
(/usr/share/texmf-dist/tex/latex/amsfonts/umsb.fd
File: umsb.fd 2013/01/14 v3.01 AMS symbols B
) [1

{/var/lib/texmf/fonts/map/pdftex/updmap/pdftex.map} <./imagenes/LOGOUNRN.jpg>]
\tf@toc=\write4
\openout4 = `main.toc'.


LaTeX Warning: Reference `LastPage' on page 1 undefined on input line 123.


pdfTeX warning (ext4): destination with the same identifier (name{page.1}) has 
been already used, duplicate ignored
<to be read again> 
                   \relax 
l.123 \newpage
               [1]

LaTeX Warning: Reference `LastPage' on page 2 undefined on input line 164.

[2]

LaTeX Warning: Reference `fig:datos' on page 3 undefined on input line 168.

<imagenes/Señales.png, id=40, 2553.54pt x 1380.15625pt>
File: imagenes/Señales.png Graphic file (type png)
<use imagenes/Señales.png>
Package pdftex.def Info: imagenes/Señales.png  used on input line 174.
(pdftex.def)             Requested size: 512.1496pt x 276.80556pt.

LaTeX Warning: Reference `LastPage' on page 3 undefined on input line 179.

[3 <./imagenes/Señales.png>]

LaTeX Warning: Reference `fig:transimcion01' on page 4 undefined on input line 
183.

<imagenes/Transmicion_0.1.png, id=49, 2553.54pt x 1380.15625pt>
File: imagenes/Transmicion_0.1.png Graphic file (type png)
<use imagenes/Transmicion_0.1.png>
Package pdftex.def Info: imagenes/Transmicion_0.1.png  used on input line 187.
(pdftex.def)             Requested size: 512.1496pt x 276.80556pt.

LaTeX Warning: Reference `eq:corr' on page 4 undefined on input line 198.


LaTeX Warning: Reference `fig:filtro0,1' on page 4 undefined on input line 211.


<imagenes/Filtrado_0.1.png, id=50, 2553.54pt x 1380.15625pt>
File: imagenes/Filtrado_0.1.png Graphic file (type png)
<use imagenes/Filtrado_0.1.png>
Package pdftex.def Info: imagenes/Filtrado_0.1.png  used on input line 215.
(pdftex.def)             Requested size: 512.1496pt x 276.80556pt.

LaTeX Warning: Reference `fig:filtro0,1' on page 4 undefined on input line 220.



LaTeX Warning: Reference `fig:datos' on page 4 undefined on input line 221.


LaTeX Warning: Reference `LastPage' on page 4 undefined on input line 247.

[4 <./imagenes/Transmicion_0.1.png>]

LaTeX Warning: Reference `LastPage' on page 5 undefined on input line 253.

[5 <./imagenes/Filtrado_0.1.png>]
<imagenes/Transmicion_0.5.png, id=74, 2553.54pt x 1380.15625pt>
File: imagenes/Transmicion_0.5.png Graphic file (type png)
<use imagenes/Transmicion_0.5.png>
Package pdftex.def Info: imagenes/Transmicion_0.5.png  used on input line 258.
(pdftex.def)             Requested size: 512.1496pt x 276.80556pt.
<imagenes/Filtrado_0.5.png, id=75, 2553.54pt x 1380.15625pt>
File: imagenes/Filtrado_0.5.png Graphic file (type png)
<use imagenes/Filtrado_0.5.png>
Package pdftex.def Info: imagenes/Filtrado_0.5.png  used on input line 259.
(pdftex.def)             Requested size: 512.1496pt x 276.80556pt.
<imagenes/Transmicion_1.0.png, id=76, 2553.54pt x 1380.15625pt>
File: imagenes/Transmicion_1.0.png Graphic file (type png)
<use imagenes/Transmicion_1.0.png>
Package pdftex.def Info: imagenes/Transmicion_1.0.png  used on input line 266.
(pdftex.def)             Requested size: 512.1496pt x 276.80556pt.
<imagenes/Filtrado_1.0.png, id=77, 2553.54pt x 1380.15625pt>
File: imagenes/Filtrado_1.0.png Graphic file (type png)
<use imagenes/Filtrado_1.0.png>
Package pdftex.def Info: imagenes/Filtrado_1.0.png  used on input line 267.
(pdftex.def)             Requested size: 512.1496pt x 276.80556pt.
<imagenes/Transmicion_1.5.png, id=78, 2553.54pt x 1380.15625pt>
File: imagenes/Transmicion_1.5.png Graphic file (type png)
<use imagenes/Transmicion_1.5.png>
Package pdftex.def Info: imagenes/Transmicion_1.5.png  used on input line 274.
(pdftex.def)             Requested size: 512.1496pt x 276.80556pt.
<imagenes/Filtrado_1.5.png, id=79, 2553.54pt x 1380.15625pt>
File: imagenes/Filtrado_1.5.png Graphic file (type png)
<use imagenes/Filtrado_1.5.png>
Package pdftex.def Info: imagenes/Filtrado_1.5.png  used on input line 275.
(pdftex.def)             Requested size: 512.1496pt x 276.80556pt.

LaTeX Warning: Reference `LastPage' on page 6 undefined on input line 280.

[6 <./imagenes/Transmicion_0.5.png> <./imagenes/Filtrado_0.5.png>]

LaTeX Warning: Reference `LastPage' on page 7 undefined on input line 280.

[7 <./imagenes/Transmicion_1.0.png> <./imagenes/Filtrado_1.0.png>]

LaTeX Warning: Reference `LastPage' on page 8 undefined on input line 280.

[8 <./imagenes/Transmicion_1.5.png> <./imagenes/Filtrado_1.5.png>]
<imagenes/Transmicion_2.0_primerIntento.png, id=103, 2553.54pt x 1380.15625pt>
File: imagenes/Transmicion_2.0_primerIntento.png Graphic file (type png)
<use imagenes/Transmicion_2.0_primerIntento.png>
Package pdftex.def Info: imagenes/Transmicion_2.0_primerIntento.png  used on in
put line 284.
(pdftex.def)             Requested size: 512.1496pt x 276.80556pt.
<imagenes/Filtrado_2.0_primerIntento.png, id=104, 2538.48375pt x 1380.15625pt>
File: imagenes/Filtrado_2.0_primerIntento.png Graphic file (type png)
<use imagenes/Filtrado_2.0_primerIntento.png>
Package pdftex.def Info: imagenes/Filtrado_2.0_primerIntento.png  used on input
 line 285.
(pdftex.def)             Requested size: 512.1496pt x 278.4482pt.

LaTeX Warning: Reference `fig:filtro201' on page 9 undefined on input line 290.


<imagenes/Transmicion_2.0_segundoIntento.png, id=105, 2553.54pt x 1380.15625pt>

File: imagenes/Transmicion_2.0_segundoIntento.png Graphic file (type png)
<use imagenes/Transmicion_2.0_segundoIntento.png>
Package pdftex.def Info: imagenes/Transmicion_2.0_segundoIntento.png  used on i
nput line 298.
(pdftex.def)             Requested size: 512.1496pt x 276.80556pt.
<imagenes/Filtrado_2.0_segundoIntento.png, id=106, 2553.54pt x 1380.15625pt>
File: imagenes/Filtrado_2.0_segundoIntento.png Graphic file (type png)
<use imagenes/Filtrado_2.0_segundoIntento.png>
Package pdftex.def Info: imagenes/Filtrado_2.0_segundoIntento.png  used on inpu
t line 299.
(pdftex.def)             Requested size: 512.1496pt x 276.80556pt.
<imagenes/Transmicion_2.0_tercerIntento.png, id=107, 2553.54pt x 1380.15625pt>
File: imagenes/Transmicion_2.0_tercerIntento.png Graphic file (type png)
<use imagenes/Transmicion_2.0_tercerIntento.png>
Package pdftex.def Info: imagenes/Transmicion_2.0_tercerIntento.png  used on in
put line 306.
(pdftex.def)             Requested size: 512.1496pt x 276.80556pt.
<imagenes/Filtrado_2.0_tercerIntento.png, id=108, 2553.54pt x 1380.15625pt>
File: imagenes/Filtrado_2.0_tercerIntento.png Graphic file (type png)
<use imagenes/Filtrado_2.0_tercerIntento.png>
Package pdftex.def Info: imagenes/Filtrado_2.0_tercerIntento.png  used on input
 line 307.
(pdftex.def)             Requested size: 512.1496pt x 276.80556pt.

LaTeX Warning: Reference `fig:filtro202' on page 9 undefined on input line 312.



LaTeX Warning: Reference `fig:filtro203' on page 9 undefined on input line 313.



LaTeX Warning: Reference `fig:filtro203' on page 9 undefined on input line 313.



LaTeX Warning: Reference `fig:filtro202' on page 9 undefined on input line 317.



LaTeX Warning: Reference `LastPage' on page 9 undefined on input line 323.

[9

 <./imagenes/Transmicion_2.0_primerIntento.png> <./imagenes/Filtrado_2.0_primer
Intento.png>]

LaTeX Warning: Reference `LastPage' on page 10 undefined on input line 323.

[10 <./imagenes/Transmicion_2.0_segundoIntento.png> <./imagenes/Filtrado_2.0_se
gundoIntento.png>]

LaTeX Warning: Reference `LastPage' on page 11 undefined on input line 326.

[11 <./imagenes/Transmicion_2.0_tercerIntento.png> <./imagenes/Filtrado_2.0_ter
cerIntento.png>]
<imagenes/Transmicion_2.5.png, id=130, 2538.48375pt x 1380.15625pt>
File: imagenes/Transmicion_2.5.png Graphic file (type png)
<use imagenes/Transmicion_2.5.png>
Package pdftex.def Info: imagenes/Transmicion_2.5.png  used on input line 333.
(pdftex.def)             Requested size: 512.1496pt x 278.4482pt.
<imagenes/Filtrado_2.5.png, id=131, 2538.48375pt x 1380.15625pt>
File: imagenes/Filtrado_2.5.png Graphic file (type png)
<use imagenes/Filtrado_2.5.png>
Package pdftex.def Info: imagenes/Filtrado_2.5.png  used on input line 334.
(pdftex.def)             Requested size: 512.1496pt x 278.4482pt.

LaTeX Warning: Reference `LastPage' on page 12 undefined on input line 341.

[12 <./imagenes/Transmicion_2.5.png> <./imagenes/Filtrado_2.5.png>]

LaTeX Warning: Reference `LastPage' on page 13 undefined on input line 342.

[13]

LaTeX Warning: Reference `fig:L1000' on page 14 undefined on input line 346.

<imagenes/Señales_L1000.png, id=145, 2553.54pt x 1380.15625pt>
File: imagenes/Señales_L1000.png Graphic file (type png)
<use imagenes/Señales_L1000.png>
Package pdftex.def Info: imagenes/Señales_L1000.png  used on input line 350.
(pdftex.def)             Requested size: 342.18037pt x 184.9429pt.
<imagenes/Transmicion_2.5_L1000.png, id=146, 2553.54pt x 1380.15625pt>
File: imagenes/Transmicion_2.5_L1000.png Graphic file (type png)
<use imagenes/Transmicion_2.5_L1000.png>
Package pdftex.def Info: imagenes/Transmicion_2.5_L1000.png  used on input line
 351.
(pdftex.def)             Requested size: 342.18037pt x 184.9429pt.
<imagenes/Filtrado_2.5_L1000.png, id=147, 2553.54pt x 1380.15625pt>
File: imagenes/Filtrado_2.5_L1000.png Graphic file (type png)
<use imagenes/Filtrado_2.5_L1000.png>
Package pdftex.def Info: imagenes/Filtrado_2.5_L1000.png  used on input line 35
2.
(pdftex.def)             Requested size: 342.18037pt x 184.9429pt.

LaTeX Warning: Reference `fig:Ruido10' on page 14 undefined on input line 358.


LaTeX Warning: Reference `LastPage' on page 14 undefined on input line 360.

[14

 <./imagenes/Señales_L1000.png> <./imagenes/Transmicion_2.5_L1000.png> <./imag
enes/Filtrado_2.5_L1000.png>]
<imagenes/Transmicion_10_L1000.png, id=158, 2538.48375pt x 1380.15625pt>
File: imagenes/Transmicion_10_L1000.png Graphic file (type png)
<use imagenes/Transmicion_10_L1000.png>
Package pdftex.def Info: imagenes/Transmicion_10_L1000.png  used on input line 
363.
(pdftex.def)             Requested size: 512.1496pt x 278.4482pt.
<imagenes/Filtrado_10_L1000.png, id=159, 2553.54pt x 1380.15625pt>
File: imagenes/Filtrado_10_L1000.png Graphic file (type png)
<use imagenes/Filtrado_10_L1000.png>
Package pdftex.def Info: imagenes/Filtrado_10_L1000.png  used on input line 364
.
(pdftex.def)             Requested size: 512.1496pt x 276.80556pt.

LaTeX Warning: Reference `LastPage' on page 15 undefined on input line 397.

[15 <./imagenes/Transmicion_10_L1000.png> <./imagenes/Filtrado_10_L1000.png>]

LaTeX Warning: Reference `fig:seno' on page 16 undefined on input line 413.

<imagenes/RuidoSeno.png, id=167, 2553.54pt x 1380.15625pt>
File: imagenes/RuidoSeno.png Graphic file (type png)
<use imagenes/RuidoSeno.png>
Package pdftex.def Info: imagenes/RuidoSeno.png  used on input line 417.
(pdftex.def)             Requested size: 512.1496pt x 276.80556pt.

LaTeX Warning: Reference `fig:TransSeno' on page 16 undefined on input line 422
.


LaTeX Warning: Reference `fig:FiltSeno' on page 16 undefined on input line 423.


<imagenes/Transmicion_5_seno.png, id=168, 2553.54pt x 1380.15625pt>
File: imagenes/Transmicion_5_seno.png Graphic file (type png)
<use imagenes/Transmicion_5_seno.png>
Package pdftex.def Info: imagenes/Transmicion_5_seno.png  used on input line 42
7.
(pdftex.def)             Requested size: 512.1496pt x 276.80556pt.
<imagenes/Filtrado_5_Seno.png, id=169, 2553.54pt x 1380.15625pt>
File: imagenes/Filtrado_5_Seno.png Graphic file (type png)
<use imagenes/Filtrado_5_Seno.png>
Package pdftex.def Info: imagenes/Filtrado_5_Seno.png  used on input line 434.
(pdftex.def)             Requested size: 512.1496pt x 276.80556pt.

LaTeX Warning: Reference `fig:FiltSeno' on page 16 undefined on input line 441.



LaTeX Warning: Reference `fig:FiltSenoRect' on page 16 undefined on input line 
443.


LaTeX Warning: Reference `fig:senoFiltrado' on page 16 undefined on input line 
446.


LaTeX Warning: Reference `LastPage' on page 16 undefined on input line 461.

[16]
Overfull \vbox (76.72545pt too high) has occurred while \output is active []


LaTeX Warning: Reference `LastPage' on page 17 undefined on input line 461.

[17 <./imagenes/RuidoSeno.png> <./imagenes/Transmicion_5_seno.png>]
<imagenes/Filtrado_5_Seno_detalle.png, id=187, 2553.54pt x 1380.15625pt>
File: imagenes/Filtrado_5_Seno_detalle.png Graphic file (type png)
<use imagenes/Filtrado_5_Seno_detalle.png>
Package pdftex.def Info: imagenes/Filtrado_5_Seno_detalle.png  used on input li
ne 467.
(pdftex.def)             Requested size: 512.1496pt x 276.80556pt.
<imagenes/SenoFiltrado.png, id=188, 2538.48375pt x 1380.15625pt>
File: imagenes/SenoFiltrado.png Graphic file (type png)
<use imagenes/SenoFiltrado.png>
Package pdftex.def Info: imagenes/SenoFiltrado.png  used on input line 474.
(pdftex.def)             Requested size: 512.1496pt x 278.4482pt.

AED: lastpage setting LastPage

LaTeX Warning: Reference `LastPage' on page 18 undefined on input line 479.

[18 <./imagenes/Filtrado_5_Seno.png> <./imagenes/Filtrado_5_Seno_detalle.png>]

LaTeX Warning: Reference `LastPage' on page 19 undefined on input line 479.

[19 <./imagenes/SenoFiltrado.png>] (latex.out/main.aux
LaTeX Info: Redefining \. on input line 27.
LaTeX Info: Redefining \% on input line 27.
)

LaTeX Warning: There were undefined references.


LaTeX Warning: Label(s) may have changed. Rerun to get cross-references right.


Package rerunfilecheck Warning: File `main.out' has changed.
(rerunfilecheck)                Rerun to get outlines right
(rerunfilecheck)                or use package `bookmark'.

Package rerunfilecheck Info: Checksums for `main.out':
(rerunfilecheck)             Before: <no file>
(rerunfilecheck)             After:  C48009223E164BA73E36A6B05324E795;1327.
 ) 
Here is how much of TeX's memory you used:
 18404 strings out of 478238
 299845 string characters out of 5850456
 626544 words of memory out of 5000000
 36227 multiletter control sequences out of 15000+600000
 482767 words of font info for 60 fonts, out of 8000000 for 9000
 1141 hyphenation exceptions out of 8191
 72i,23n,79p,508b,381s stack positions out of 5000i,500n,10000p,200000b,80000s
{/usr/share/texmf-dist/fonts/enc/dvips/cm-super/cm-super-ts1.enc}{/usr/share/
texmf-dist/fonts/enc/dvips/cm-super/cm-super-t1.enc}</usr/share/texmf-dist/font
s/type1/public/amsfonts/cm/cmex10.pfb></usr/share/texmf-dist/fonts/type1/public
/amsfonts/cm/cmmi12.pfb></usr/share/texmf-dist/fonts/type1/public/amsfonts/cm/c
mmi8.pfb></usr/share/texmf-dist/fonts/type1/public/amsfonts/cm/cmr12.pfb></usr/
share/texmf-dist/fonts/type1/public/amsfonts/cm/cmr8.pfb></usr/share/texmf-dist
/fonts/type1/public/amsfonts/cm/cmsy10.pfb></usr/share/texmf-dist/fonts/type1/p
ublic/amsfonts/cm/cmsy8.pfb></usr/share/texmf-dist/fonts/type1/public/amsfonts/
symbols/msam10.pfb></usr/share/texmf-dist/fonts/type1/public/amsfonts/symbols/m
sbm10.pfb></usr/share/texmf-dist/fonts/type1/public/cm-super/sfbx1200.pfb></usr
/share/texmf-dist/fonts/type1/public/cm-super/sfbx1440.pfb></usr/share/texmf-di
st/fonts/type1/public/cm-super/sfbx1728.pfb></usr/share/texmf-dist/fonts/type1/
public/cm-super/sfcc1440.pfb></usr/share/texmf-dist/fonts/type1/public/cm-super
/sfrm1200.pfb></usr/share/texmf-dist/fonts/type1/public/cm-super/sfrm1440.pfb><
/usr/share/texmf-dist/fonts/type1/public/cm-super/sfrm1728.pfb>
Output written on latex.out/main.pdf (20 pages, 2822407 bytes).
PDF statistics:
 293 PDF objects out of 1000 (max. 8388607)
 180 compressed objects within 2 object streams
 63 named destinations out of 1000 (max. 500000)
 141 words of extra memory for PDF output out of 10000 (max. 10000000)

